{"message":"zhora log","level":"error"}
{"message":"::1 - - [30/May/2020:14:22:18 +0000] \"OPTIONS /user/login HTTP/1.1\" 204 0 \"http://localhost:3001/login\" \"Mozilla/5.0 (Macintosh; Intel Mac OS X 10_15_4) AppleWebKit/537.36 (KHTML, like Gecko) Chrome/81.0.4044.138 Safari/537.36\"\n","level":"info"}
{"message":"::1 - - [30/May/2020:14:22:18 +0000] \"POST /user/login HTTP/1.1\" 200 141 \"http://localhost:3001/login\" \"Mozilla/5.0 (Macintosh; Intel Mac OS X 10_15_4) AppleWebKit/537.36 (KHTML, like Gecko) Chrome/81.0.4044.138 Safari/537.36\"\n","level":"info"}
{"message":"::1 - - [30/May/2020:19:02:57 +0000] \"POST /user/auth/refresh HTTP/1.1\" 401 69 \"http://localhost:3001/login\" \"Mozilla/5.0 (Macintosh; Intel Mac OS X 10_15_4) AppleWebKit/537.36 (KHTML, like Gecko) Chrome/81.0.4044.138 Safari/537.36\"\n","level":"info"}
{"message":"::1 - - [30/May/2020:19:03:07 +0000] \"OPTIONS /user/login HTTP/1.1\" 204 0 \"http://localhost:3001/login\" \"Mozilla/5.0 (Macintosh; Intel Mac OS X 10_15_4) AppleWebKit/537.36 (KHTML, like Gecko) Chrome/81.0.4044.138 Safari/537.36\"\n","level":"info"}
{"message":"::1 - - [30/May/2020:19:03:08 +0000] \"POST /user/login HTTP/1.1\" 200 141 \"http://localhost:3001/login\" \"Mozilla/5.0 (Macintosh; Intel Mac OS X 10_15_4) AppleWebKit/537.36 (KHTML, like Gecko) Chrome/81.0.4044.138 Safari/537.36\"\n","level":"info"}
{"message":"::1 - - [30/May/2020:19:04:57 +0000] \"POST /user/auth/refresh HTTP/1.1\" 200 141 \"http://localhost:3001/login\" \"Mozilla/5.0 (iPhone; CPU iPhone OS 10_3_1 like Mac OS X) AppleWebKit/603.1.30 (KHTML, like Gecko) Version/10.0 Mobile/14E304 Safari/602.1\"\n","level":"info"}
{"message":"::1 - - [30/May/2020:19:17:01 +0000] \"POST /user/auth/refresh HTTP/1.1\" 401 69 \"http://localhost:3001/login\" \"Mozilla/5.0 (iPhone; CPU iPhone OS 10_3_1 like Mac OS X) AppleWebKit/603.1.30 (KHTML, like Gecko) Version/10.0 Mobile/14E304 Safari/602.1\"\n","level":"info"}
{"message":"::1 - - [30/May/2020:19:17:07 +0000] \"POST /user/auth/refresh HTTP/1.1\" 401 69 \"http://localhost:3001/login\" \"Mozilla/5.0 (iPhone; CPU iPhone OS 10_3_1 like Mac OS X) AppleWebKit/603.1.30 (KHTML, like Gecko) Version/10.0 Mobile/14E304 Safari/602.1\"\n","level":"info"}
{"message":"::1 - - [30/May/2020:19:17:16 +0000] \"POST /user/auth/refresh HTTP/1.1\" 401 69 \"http://localhost:3001/login\" \"Mozilla/5.0 (iPhone; CPU iPhone OS 10_3_1 like Mac OS X) AppleWebKit/603.1.30 (KHTML, like Gecko) Version/10.0 Mobile/14E304 Safari/602.1\"\n","level":"info"}
{"message":"::1 - - [30/May/2020:19:17:39 +0000] \"POST /user/auth/refresh HTTP/1.1\" 401 69 \"http://localhost:3001/login\" \"Mozilla/5.0 (iPhone; CPU iPhone OS 10_3_1 like Mac OS X) AppleWebKit/603.1.30 (KHTML, like Gecko) Version/10.0 Mobile/14E304 Safari/602.1\"\n","level":"info"}
{"message":"::1 - - [30/May/2020:19:17:50 +0000] \"POST /user/auth/refresh HTTP/1.1\" 401 69 \"http://localhost:3001/login\" \"Mozilla/5.0 (iPhone; CPU iPhone OS 10_3_1 like Mac OS X) AppleWebKit/603.1.30 (KHTML, like Gecko) Version/10.0 Mobile/14E304 Safari/602.1\"\n","level":"info"}
{"message":"::1 - - [30/May/2020:19:18:03 +0000] \"POST /user/auth/refresh HTTP/1.1\" 401 69 \"http://localhost:3001/login\" \"Mozilla/5.0 (iPhone; CPU iPhone OS 10_3_1 like Mac OS X) AppleWebKit/603.1.30 (KHTML, like Gecko) Version/10.0 Mobile/14E304 Safari/602.1\"\n","level":"info"}
{"message":"::1 - - [30/May/2020:19:18:12 +0000] \"POST /user/auth/refresh HTTP/1.1\" 401 69 \"http://localhost:3001/login\" \"Mozilla/5.0 (iPhone; CPU iPhone OS 10_3_1 like Mac OS X) AppleWebKit/603.1.30 (KHTML, like Gecko) Version/10.0 Mobile/14E304 Safari/602.1\"\n","level":"info"}
{"message":"::1 - - [30/May/2020:19:25:47 +0000] \"OPTIONS /user/login HTTP/1.1\" 204 0 \"http://localhost:3001/login\" \"Mozilla/5.0 (Macintosh; Intel Mac OS X 10_15_4) AppleWebKit/537.36 (KHTML, like Gecko) Chrome/81.0.4044.138 Safari/537.36\"\n","level":"info"}
{"message":"::1 - - [30/May/2020:19:25:48 +0000] \"POST /user/login HTTP/1.1\" 200 141 \"http://localhost:3001/login\" \"Mozilla/5.0 (Macintosh; Intel Mac OS X 10_15_4) AppleWebKit/537.36 (KHTML, like Gecko) Chrome/81.0.4044.138 Safari/537.36\"\n","level":"info"}
{"message":"::1 - - [30/May/2020:19:32:31 +0000] \"POST /user/auth/refresh HTTP/1.1\" 200 141 \"http://localhost:3001/login\" \"Mozilla/5.0 (Macintosh; Intel Mac OS X 10_15_4) AppleWebKit/537.36 (KHTML, like Gecko) Chrome/81.0.4044.138 Safari/537.36\"\n","level":"info"}
{"message":"::1 - - [30/May/2020:19:41:30 +0000] \"POST /user/auth/refresh HTTP/1.1\" 200 141 \"http://localhost:3001/login\" \"Mozilla/5.0 (Macintosh; Intel Mac OS X 10_15_4) AppleWebKit/537.36 (KHTML, like Gecko) Chrome/81.0.4044.138 Safari/537.36\"\n","level":"info"}
{"message":"::1 - - [30/May/2020:19:41:35 +0000] \"POST /user/auth/refresh HTTP/1.1\" 200 141 \"http://localhost:3001/login\" \"Mozilla/5.0 (Macintosh; Intel Mac OS X 10_15_4) AppleWebKit/537.36 (KHTML, like Gecko) Chrome/81.0.4044.138 Safari/537.36\"\n","level":"info"}
{"message":"::1 - - [30/May/2020:19:41:38 +0000] \"POST /user/auth/refresh HTTP/1.1\" 200 141 \"http://localhost:3001/\" \"Mozilla/5.0 (Macintosh; Intel Mac OS X 10_15_4) AppleWebKit/537.36 (KHTML, like Gecko) Chrome/81.0.4044.138 Safari/537.36\"\n","level":"info"}
{"message":"::1 - - [30/May/2020:19:42:06 +0000] \"POST /user/auth/refresh HTTP/1.1\" 200 141 \"http://localhost:3001/login\" \"Mozilla/5.0 (Macintosh; Intel Mac OS X 10_15_4) AppleWebKit/537.36 (KHTML, like Gecko) Chrome/81.0.4044.138 Safari/537.36\"\n","level":"info"}
{"message":"::1 - - [30/May/2020:19:44:30 +0000] \"POST /user/auth/refresh HTTP/1.1\" 200 141 \"http://localhost:3001/login\" \"Mozilla/5.0 (Macintosh; Intel Mac OS X 10_15_4) AppleWebKit/537.36 (KHTML, like Gecko) Chrome/81.0.4044.138 Safari/537.36\"\n","level":"info"}
{"message":"::1 - - [30/May/2020:19:45:27 +0000] \"POST /user/auth/refresh HTTP/1.1\" 200 141 \"http://localhost:3001/login\" \"Mozilla/5.0 (Macintosh; Intel Mac OS X 10_15_4) AppleWebKit/537.36 (KHTML, like Gecko) Chrome/81.0.4044.138 Safari/537.36\"\n","level":"info"}
{"message":"::1 - - [30/May/2020:19:45:49 +0000] \"POST /user/auth/refresh HTTP/1.1\" 200 141 \"http://localhost:3001/login\" \"Mozilla/5.0 (Macintosh; Intel Mac OS X 10_15_4) AppleWebKit/537.36 (KHTML, like Gecko) Chrome/81.0.4044.138 Safari/537.36\"\n","level":"info"}
{"message":"::1 - - [30/May/2020:19:45:53 +0000] \"POST /user/auth/refresh HTTP/1.1\" 200 141 \"http://localhost:3001/login\" \"Mozilla/5.0 (Macintosh; Intel Mac OS X 10_15_4) AppleWebKit/537.36 (KHTML, like Gecko) Chrome/81.0.4044.138 Safari/537.36\"\n","level":"info"}
{"message":"::1 - - [30/May/2020:19:49:08 +0000] \"POST /user/auth/refresh HTTP/1.1\" 200 141 \"http://localhost:3001/login\" \"Mozilla/5.0 (Macintosh; Intel Mac OS X 10_15_4) AppleWebKit/537.36 (KHTML, like Gecko) Chrome/81.0.4044.138 Safari/537.36\"\n","level":"info"}
{"message":"::1 - - [30/May/2020:19:49:27 +0000] \"POST /user/auth/refresh HTTP/1.1\" 200 141 \"http://localhost:3001/login\" \"Mozilla/5.0 (Macintosh; Intel Mac OS X 10_15_4) AppleWebKit/537.36 (KHTML, like Gecko) Chrome/81.0.4044.138 Safari/537.36\"\n","level":"info"}
{"message":"::1 - - [01/Jun/2020:19:10:42 +0000] \"POST /user/auth/refresh HTTP/1.1\" 200 141 \"http://localhost:3001/login\" \"Mozilla/5.0 (Macintosh; Intel Mac OS X 10_15_4) AppleWebKit/537.36 (KHTML, like Gecko) Chrome/81.0.4044.138 Safari/537.36\"\n","level":"info"}
{"message":"::1 - - [01/Jun/2020:19:12:10 +0000] \"POST /user/auth/refresh HTTP/1.1\" 200 141 \"http://localhost:3001/login\" \"Mozilla/5.0 (Macintosh; Intel Mac OS X 10_15_4) AppleWebKit/537.36 (KHTML, like Gecko) Chrome/81.0.4044.138 Safari/537.36\"\n","level":"info"}
{"message":"::1 - - [01/Jun/2020:19:14:41 +0000] \"POST /user/auth/refresh HTTP/1.1\" 200 141 \"http://localhost:3001/login\" \"Mozilla/5.0 (Macintosh; Intel Mac OS X 10_15_4) AppleWebKit/537.36 (KHTML, like Gecko) Chrome/81.0.4044.138 Safari/537.36\"\n","level":"info"}
{"message":"::1 - - [01/Jun/2020:19:15:09 +0000] \"POST /user/auth/refresh HTTP/1.1\" 200 141 \"http://localhost:3001/login\" \"Mozilla/5.0 (Macintosh; Intel Mac OS X 10_15_4) AppleWebKit/537.36 (KHTML, like Gecko) Chrome/81.0.4044.138 Safari/537.36\"\n","level":"info"}
{"message":"::1 - - [01/Jun/2020:19:15:22 +0000] \"POST /user/auth/refresh HTTP/1.1\" 200 141 \"http://localhost:3001/login\" \"Mozilla/5.0 (Macintosh; Intel Mac OS X 10_15_4) AppleWebKit/537.36 (KHTML, like Gecko) Chrome/81.0.4044.138 Safari/537.36\"\n","level":"info"}
{"message":"::1 - - [01/Jun/2020:19:16:23 +0000] \"POST /user/auth/refresh HTTP/1.1\" 200 141 \"http://localhost:3001/login\" \"Mozilla/5.0 (Macintosh; Intel Mac OS X 10_15_4) AppleWebKit/537.36 (KHTML, like Gecko) Chrome/81.0.4044.138 Safari/537.36\"\n","level":"info"}
{"message":"::1 - - [01/Jun/2020:19:17:52 +0000] \"POST /user/auth/refresh HTTP/1.1\" 200 141 \"http://localhost:3001/login\" \"Mozilla/5.0 (Macintosh; Intel Mac OS X 10_15_4) AppleWebKit/537.36 (KHTML, like Gecko) Chrome/81.0.4044.138 Safari/537.36\"\n","level":"info"}
{"message":"::1 - - [01/Jun/2020:19:18:58 +0000] \"POST /user/auth/refresh HTTP/1.1\" 200 141 \"http://localhost:3001/login\" \"Mozilla/5.0 (Macintosh; Intel Mac OS X 10_15_4) AppleWebKit/537.36 (KHTML, like Gecko) Chrome/81.0.4044.138 Safari/537.36\"\n","level":"info"}
{"message":"::1 - - [01/Jun/2020:19:25:52 +0000] \"POST /user/auth/refresh HTTP/1.1\" 200 141 \"http://localhost:3001/login\" \"Mozilla/5.0 (Macintosh; Intel Mac OS X 10_15_4) AppleWebKit/537.36 (KHTML, like Gecko) Chrome/81.0.4044.138 Safari/537.36\"\n","level":"info"}
{"message":"::1 - - [01/Jun/2020:19:27:32 +0000] \"POST /user/auth/refresh HTTP/1.1\" 200 141 \"http://localhost:3001/login\" \"Mozilla/5.0 (Macintosh; Intel Mac OS X 10_15_4) AppleWebKit/537.36 (KHTML, like Gecko) Chrome/81.0.4044.138 Safari/537.36\"\n","level":"info"}
{"message":"::1 - - [01/Jun/2020:19:27:53 +0000] \"POST /user/auth/refresh HTTP/1.1\" 200 141 \"http://localhost:3001/login\" \"Mozilla/5.0 (Macintosh; Intel Mac OS X 10_15_4) AppleWebKit/537.36 (KHTML, like Gecko) Chrome/81.0.4044.138 Safari/537.36\"\n","level":"info"}
{"message":"::1 - - [01/Jun/2020:19:30:08 +0000] \"POST /user/auth/refresh HTTP/1.1\" 200 141 \"http://localhost:3001/login\" \"Mozilla/5.0 (Macintosh; Intel Mac OS X 10_15_4) AppleWebKit/537.36 (KHTML, like Gecko) Chrome/81.0.4044.138 Safari/537.36\"\n","level":"info"}
{"message":"::1 - - [01/Jun/2020:19:30:41 +0000] \"POST /user/auth/refresh HTTP/1.1\" 200 141 \"http://localhost:3001/login\" \"Mozilla/5.0 (Macintosh; Intel Mac OS X 10_15_4) AppleWebKit/537.36 (KHTML, like Gecko) Chrome/81.0.4044.138 Safari/537.36\"\n","level":"info"}
{"message":"::1 - - [01/Jun/2020:19:31:03 +0000] \"POST /user/auth/refresh HTTP/1.1\" 200 141 \"http://localhost:3001/login\" \"Mozilla/5.0 (Macintosh; Intel Mac OS X 10_15_4) AppleWebKit/537.36 (KHTML, like Gecko) Chrome/81.0.4044.138 Safari/537.36\"\n","level":"info"}
{"message":"::1 - - [01/Jun/2020:19:31:10 +0000] \"POST /user/auth/refresh HTTP/1.1\" 200 141 \"http://localhost:3001/login\" \"Mozilla/5.0 (Macintosh; Intel Mac OS X 10_15_4) AppleWebKit/537.36 (KHTML, like Gecko) Chrome/81.0.4044.138 Safari/537.36\"\n","level":"info"}
{"message":"::1 - - [01/Jun/2020:19:31:12 +0000] \"POST /user/auth/refresh HTTP/1.1\" 200 141 \"http://localhost:3001/login\" \"Mozilla/5.0 (Macintosh; Intel Mac OS X 10_15_4) AppleWebKit/537.36 (KHTML, like Gecko) Chrome/81.0.4044.138 Safari/537.36\"\n","level":"info"}
{"message":"::1 - - [01/Jun/2020:19:32:30 +0000] \"POST /user/auth/refresh HTTP/1.1\" 200 141 \"http://localhost:3001/login\" \"Mozilla/5.0 (iPhone; CPU iPhone OS 10_3_1 like Mac OS X) AppleWebKit/603.1.30 (KHTML, like Gecko) Version/10.0 Mobile/14E304 Safari/602.1\"\n","level":"info"}
{"message":"::1 - - [01/Jun/2020:19:33:48 +0000] \"POST /user/auth/refresh HTTP/1.1\" 200 141 \"http://localhost:3001/login\" \"Mozilla/5.0 (iPhone; CPU iPhone OS 10_3_1 like Mac OS X) AppleWebKit/603.1.30 (KHTML, like Gecko) Version/10.0 Mobile/14E304 Safari/602.1\"\n","level":"info"}
{"message":"::1 - - [01/Jun/2020:19:34:22 +0000] \"POST /user/auth/refresh HTTP/1.1\" 200 141 \"http://localhost:3001/login\" \"Mozilla/5.0 (iPhone; CPU iPhone OS 10_3_1 like Mac OS X) AppleWebKit/603.1.30 (KHTML, like Gecko) Version/10.0 Mobile/14E304 Safari/602.1\"\n","level":"info"}
{"message":"::1 - - [01/Jun/2020:19:34:36 +0000] \"POST /user/auth/refresh HTTP/1.1\" 200 141 \"http://localhost:3001/login\" \"Mozilla/5.0 (iPhone; CPU iPhone OS 10_3_1 like Mac OS X) AppleWebKit/603.1.30 (KHTML, like Gecko) Version/10.0 Mobile/14E304 Safari/602.1\"\n","level":"info"}
{"message":"::1 - - [01/Jun/2020:19:38:53 +0000] \"POST /user/auth/refresh HTTP/1.1\" 200 141 \"http://localhost:3001/login\" \"Mozilla/5.0 (iPhone; CPU iPhone OS 10_3_1 like Mac OS X) AppleWebKit/603.1.30 (KHTML, like Gecko) Version/10.0 Mobile/14E304 Safari/602.1\"\n","level":"info"}
{"message":"::1 - - [01/Jun/2020:19:38:58 +0000] \"POST /user/auth/refresh HTTP/1.1\" 200 141 \"http://localhost:3001/login\" \"Mozilla/5.0 (iPhone; CPU iPhone OS 10_3_1 like Mac OS X) AppleWebKit/603.1.30 (KHTML, like Gecko) Version/10.0 Mobile/14E304 Safari/602.1\"\n","level":"info"}
{"message":"::1 - - [01/Jun/2020:19:41:49 +0000] \"POST /user/auth/refresh HTTP/1.1\" 200 141 \"http://localhost:3001/login\" \"Mozilla/5.0 (iPhone; CPU iPhone OS 10_3_1 like Mac OS X) AppleWebKit/603.1.30 (KHTML, like Gecko) Version/10.0 Mobile/14E304 Safari/602.1\"\n","level":"info"}
{"message":"::1 - - [01/Jun/2020:19:41:54 +0000] \"POST /user/auth/refresh HTTP/1.1\" 200 141 \"http://localhost:3001/login\" \"Mozilla/5.0 (iPhone; CPU iPhone OS 10_3_1 like Mac OS X) AppleWebKit/603.1.30 (KHTML, like Gecko) Version/10.0 Mobile/14E304 Safari/602.1\"\n","level":"info"}
{"message":"::1 - - [01/Jun/2020:19:42:19 +0000] \"POST /user/auth/refresh HTTP/1.1\" 200 141 \"http://localhost:3001/login\" \"Mozilla/5.0 (iPhone; CPU iPhone OS 10_3_1 like Mac OS X) AppleWebKit/603.1.30 (KHTML, like Gecko) Version/10.0 Mobile/14E304 Safari/602.1\"\n","level":"info"}
{"message":"::1 - - [01/Jun/2020:19:42:36 +0000] \"POST /user/auth/refresh HTTP/1.1\" 200 141 \"http://localhost:3001/login\" \"Mozilla/5.0 (iPhone; CPU iPhone OS 10_3_1 like Mac OS X) AppleWebKit/603.1.30 (KHTML, like Gecko) Version/10.0 Mobile/14E304 Safari/602.1\"\n","level":"info"}
{"message":"::1 - - [01/Jun/2020:19:43:04 +0000] \"POST /user/auth/refresh HTTP/1.1\" 200 141 \"http://localhost:3001/login\" \"Mozilla/5.0 (iPhone; CPU iPhone OS 10_3_1 like Mac OS X) AppleWebKit/603.1.30 (KHTML, like Gecko) Version/10.0 Mobile/14E304 Safari/602.1\"\n","level":"info"}
{"message":"::1 - - [01/Jun/2020:19:45:39 +0000] \"POST /user/auth/refresh HTTP/1.1\" 200 141 \"http://localhost:3001/login\" \"Mozilla/5.0 (iPhone; CPU iPhone OS 10_3_1 like Mac OS X) AppleWebKit/603.1.30 (KHTML, like Gecko) Version/10.0 Mobile/14E304 Safari/602.1\"\n","level":"info"}
{"message":"::1 - - [01/Jun/2020:19:45:41 +0000] \"POST /user/auth/refresh HTTP/1.1\" 200 141 \"http://localhost:3001/login\" \"Mozilla/5.0 (iPhone; CPU iPhone OS 10_3_1 like Mac OS X) AppleWebKit/603.1.30 (KHTML, like Gecko) Version/10.0 Mobile/14E304 Safari/602.1\"\n","level":"info"}
{"message":"::1 - - [01/Jun/2020:19:45:44 +0000] \"POST /user/auth/refresh HTTP/1.1\" 200 141 \"http://localhost:3001/login\" \"Mozilla/5.0 (iPhone; CPU iPhone OS 10_3_1 like Mac OS X) AppleWebKit/603.1.30 (KHTML, like Gecko) Version/10.0 Mobile/14E304 Safari/602.1\"\n","level":"info"}
{"message":"::1 - - [01/Jun/2020:19:45:47 +0000] \"POST /user/auth/refresh HTTP/1.1\" 200 141 \"http://localhost:3001/login\" \"Mozilla/5.0 (iPhone; CPU iPhone OS 10_3_1 like Mac OS X) AppleWebKit/603.1.30 (KHTML, like Gecko) Version/10.0 Mobile/14E304 Safari/602.1\"\n","level":"info"}
{"message":"::1 - - [01/Jun/2020:19:46:00 +0000] \"POST /user/auth/refresh HTTP/1.1\" 200 141 \"http://localhost:3001/login\" \"Mozilla/5.0 (iPhone; CPU iPhone OS 10_3_1 like Mac OS X) AppleWebKit/603.1.30 (KHTML, like Gecko) Version/10.0 Mobile/14E304 Safari/602.1\"\n","level":"info"}
{"message":"::1 - - [01/Jun/2020:19:46:09 +0000] \"POST /user/auth/refresh HTTP/1.1\" 200 141 \"http://localhost:3001/login\" \"Mozilla/5.0 (iPhone; CPU iPhone OS 10_3_1 like Mac OS X) AppleWebKit/603.1.30 (KHTML, like Gecko) Version/10.0 Mobile/14E304 Safari/602.1\"\n","level":"info"}
{"message":"::1 - - [01/Jun/2020:19:46:29 +0000] \"POST /user/auth/refresh HTTP/1.1\" 200 141 \"http://localhost:3001/login\" \"Mozilla/5.0 (iPhone; CPU iPhone OS 10_3_1 like Mac OS X) AppleWebKit/603.1.30 (KHTML, like Gecko) Version/10.0 Mobile/14E304 Safari/602.1\"\n","level":"info"}
{"message":"::1 - - [01/Jun/2020:19:47:43 +0000] \"POST /user/auth/refresh HTTP/1.1\" 200 141 \"http://localhost:3001/login\" \"Mozilla/5.0 (iPhone; CPU iPhone OS 10_3_1 like Mac OS X) AppleWebKit/603.1.30 (KHTML, like Gecko) Version/10.0 Mobile/14E304 Safari/602.1\"\n","level":"info"}
{"message":"::1 - - [01/Jun/2020:19:47:47 +0000] \"POST /user/auth/refresh HTTP/1.1\" 200 141 \"http://localhost:3001/login\" \"Mozilla/5.0 (iPhone; CPU iPhone OS 10_3_1 like Mac OS X) AppleWebKit/603.1.30 (KHTML, like Gecko) Version/10.0 Mobile/14E304 Safari/602.1\"\n","level":"info"}
{"message":"::1 - - [01/Jun/2020:19:47:53 +0000] \"POST /user/auth/refresh HTTP/1.1\" 200 141 \"http://localhost:3001/login\" \"Mozilla/5.0 (iPhone; CPU iPhone OS 10_3_1 like Mac OS X) AppleWebKit/603.1.30 (KHTML, like Gecko) Version/10.0 Mobile/14E304 Safari/602.1\"\n","level":"info"}
{"message":"::1 - - [01/Jun/2020:19:48:15 +0000] \"POST /user/auth/refresh HTTP/1.1\" 200 141 \"http://localhost:3001/login\" \"Mozilla/5.0 (iPhone; CPU iPhone OS 10_3_1 like Mac OS X) AppleWebKit/603.1.30 (KHTML, like Gecko) Version/10.0 Mobile/14E304 Safari/602.1\"\n","level":"info"}
{"message":"::1 - - [01/Jun/2020:19:48:19 +0000] \"POST /user/auth/refresh HTTP/1.1\" 200 141 \"http://localhost:3001/login\" \"Mozilla/5.0 (iPhone; CPU iPhone OS 10_3_1 like Mac OS X) AppleWebKit/603.1.30 (KHTML, like Gecko) Version/10.0 Mobile/14E304 Safari/602.1\"\n","level":"info"}
{"message":"::1 - - [01/Jun/2020:19:48:22 +0000] \"POST /user/auth/refresh HTTP/1.1\" 200 141 \"http://localhost:3001/login\" \"Mozilla/5.0 (iPhone; CPU iPhone OS 10_3_1 like Mac OS X) AppleWebKit/603.1.30 (KHTML, like Gecko) Version/10.0 Mobile/14E304 Safari/602.1\"\n","level":"info"}
{"message":"::1 - - [01/Jun/2020:19:49:56 +0000] \"POST /user/auth/refresh HTTP/1.1\" 200 141 \"http://localhost:3001/login\" \"Mozilla/5.0 (iPhone; CPU iPhone OS 10_3_1 like Mac OS X) AppleWebKit/603.1.30 (KHTML, like Gecko) Version/10.0 Mobile/14E304 Safari/602.1\"\n","level":"info"}
{"message":"::1 - - [01/Jun/2020:19:50:00 +0000] \"POST /user/auth/refresh HTTP/1.1\" 200 141 \"http://localhost:3001/login\" \"Mozilla/5.0 (iPhone; CPU iPhone OS 10_3_1 like Mac OS X) AppleWebKit/603.1.30 (KHTML, like Gecko) Version/10.0 Mobile/14E304 Safari/602.1\"\n","level":"info"}
{"message":"::1 - - [01/Jun/2020:19:50:06 +0000] \"POST /user/auth/refresh HTTP/1.1\" 200 141 \"http://localhost:3001/login\" \"Mozilla/5.0 (iPhone; CPU iPhone OS 10_3_1 like Mac OS X) AppleWebKit/603.1.30 (KHTML, like Gecko) Version/10.0 Mobile/14E304 Safari/602.1\"\n","level":"info"}
{"message":"::1 - - [01/Jun/2020:19:50:09 +0000] \"POST /user/auth/refresh HTTP/1.1\" 200 141 \"http://localhost:3001/login\" \"Mozilla/5.0 (iPhone; CPU iPhone OS 10_3_1 like Mac OS X) AppleWebKit/603.1.30 (KHTML, like Gecko) Version/10.0 Mobile/14E304 Safari/602.1\"\n","level":"info"}
{"message":"::1 - - [01/Jun/2020:19:51:03 +0000] \"POST /user/auth/refresh HTTP/1.1\" 200 141 \"http://localhost:3001/login\" \"Mozilla/5.0 (Macintosh; Intel Mac OS X 10_15_4) AppleWebKit/537.36 (KHTML, like Gecko) Chrome/81.0.4044.138 Safari/537.36\"\n","level":"info"}
{"message":"::1 - - [01/Jun/2020:19:51:22 +0000] \"POST /user/auth/refresh HTTP/1.1\" 200 141 \"http://localhost:3001/login\" \"Mozilla/5.0 (Macintosh; Intel Mac OS X 10_15_4) AppleWebKit/537.36 (KHTML, like Gecko) Chrome/81.0.4044.138 Safari/537.36\"\n","level":"info"}
{"message":"::1 - - [01/Jun/2020:19:51:50 +0000] \"POST /user/auth/refresh HTTP/1.1\" 200 141 \"http://localhost:3001/login\" \"Mozilla/5.0 (Macintosh; Intel Mac OS X 10_15_4) AppleWebKit/537.36 (KHTML, like Gecko) Chrome/81.0.4044.138 Safari/537.36\"\n","level":"info"}
{"message":"::1 - - [01/Jun/2020:19:52:08 +0000] \"POST /user/auth/refresh HTTP/1.1\" 200 141 \"http://localhost:3001/login\" \"Mozilla/5.0 (Macintosh; Intel Mac OS X 10_15_4) AppleWebKit/537.36 (KHTML, like Gecko) Chrome/81.0.4044.138 Safari/537.36\"\n","level":"info"}
{"message":"::1 - - [01/Jun/2020:19:53:10 +0000] \"POST /user/auth/refresh HTTP/1.1\" 200 141 \"http://localhost:3001/login\" \"Mozilla/5.0 (iPhone; CPU iPhone OS 10_3_1 like Mac OS X) AppleWebKit/603.1.30 (KHTML, like Gecko) Version/10.0 Mobile/14E304 Safari/602.1\"\n","level":"info"}
{"message":"::1 - - [01/Jun/2020:19:53:26 +0000] \"POST /user/auth/refresh HTTP/1.1\" 200 141 \"http://localhost:3001/login\" \"Mozilla/5.0 (Macintosh; Intel Mac OS X 10_15_4) AppleWebKit/537.36 (KHTML, like Gecko) Chrome/81.0.4044.138 Safari/537.36\"\n","level":"info"}
{"message":"::1 - - [01/Jun/2020:19:55:17 +0000] \"POST /user/auth/refresh HTTP/1.1\" 200 141 \"http://localhost:3001/login\" \"Mozilla/5.0 (Macintosh; Intel Mac OS X 10_15_4) AppleWebKit/537.36 (KHTML, like Gecko) Chrome/81.0.4044.138 Safari/537.36\"\n","level":"info"}
{"message":"::1 - - [01/Jun/2020:19:56:46 +0000] \"POST /user/auth/refresh HTTP/1.1\" 200 141 \"http://localhost:3001/login\" \"Mozilla/5.0 (Macintosh; Intel Mac OS X 10_15_4) AppleWebKit/537.36 (KHTML, like Gecko) Chrome/81.0.4044.138 Safari/537.36\"\n","level":"info"}
{"message":"::1 - - [01/Jun/2020:19:57:43 +0000] \"POST /user/auth/refresh HTTP/1.1\" 200 141 \"http://localhost:3001/login\" \"Mozilla/5.0 (Macintosh; Intel Mac OS X 10_15_4) AppleWebKit/537.36 (KHTML, like Gecko) Chrome/81.0.4044.138 Safari/537.36\"\n","level":"info"}
{"message":"::1 - - [01/Jun/2020:20:02:37 +0000] \"POST /user/auth/refresh HTTP/1.1\" 200 141 \"http://localhost:3001/login\" \"Mozilla/5.0 (Macintosh; Intel Mac OS X 10_15_4) AppleWebKit/537.36 (KHTML, like Gecko) Chrome/81.0.4044.138 Safari/537.36\"\n","level":"info"}
{"message":"::1 - - [01/Jun/2020:20:03:29 +0000] \"POST /user/auth/refresh HTTP/1.1\" 200 141 \"http://localhost:3001/login\" \"Mozilla/5.0 (Macintosh; Intel Mac OS X 10_15_4) AppleWebKit/537.36 (KHTML, like Gecko) Chrome/81.0.4044.138 Safari/537.36\"\n","level":"info"}
{"message":"::1 - - [01/Jun/2020:20:03:38 +0000] \"POST /user/auth/refresh HTTP/1.1\" 200 141 \"http://localhost:3001/login\" \"Mozilla/5.0 (Macintosh; Intel Mac OS X 10_15_4) AppleWebKit/537.36 (KHTML, like Gecko) Chrome/81.0.4044.138 Safari/537.36\"\n","level":"info"}
{"message":"::1 - - [01/Jun/2020:20:04:22 +0000] \"POST /user/auth/refresh HTTP/1.1\" 200 141 \"http://localhost:3001/login\" \"Mozilla/5.0 (Macintosh; Intel Mac OS X 10_15_4) AppleWebKit/537.36 (KHTML, like Gecko) Chrome/81.0.4044.138 Safari/537.36\"\n","level":"info"}
{"message":"::1 - - [02/Jun/2020:20:26:42 +0000] \"POST /user/auth/refresh HTTP/1.1\" 200 141 \"http://localhost:3001/login\" \"Mozilla/5.0 (iPhone; CPU iPhone OS 10_3_1 like Mac OS X) AppleWebKit/603.1.30 (KHTML, like Gecko) Version/10.0 Mobile/14E304 Safari/602.1\"\n","level":"info"}
{"message":"::1 - - [02/Jun/2020:20:28:03 +0000] \"POST /user/auth/refresh HTTP/1.1\" 200 141 \"http://localhost:3001/login\" \"Mozilla/5.0 (Macintosh; Intel Mac OS X 10_15_4) AppleWebKit/537.36 (KHTML, like Gecko) Chrome/81.0.4044.138 Safari/537.36\"\n","level":"info"}
{"message":"::1 - - [02/Jun/2020:20:35:08 +0000] \"POST /user/auth/refresh HTTP/1.1\" 200 141 \"http://localhost:3001/login\" \"Mozilla/5.0 (Macintosh; Intel Mac OS X 10_15_4) AppleWebKit/537.36 (KHTML, like Gecko) Chrome/81.0.4044.138 Safari/537.36\"\n","level":"info"}
{"message":"::1 - - [02/Jun/2020:20:35:12 +0000] \"POST /user/auth/refresh HTTP/1.1\" 200 141 \"http://localhost:3001/login\" \"Mozilla/5.0 (Macintosh; Intel Mac OS X 10_15_4) AppleWebKit/537.36 (KHTML, like Gecko) Chrome/81.0.4044.138 Safari/537.36\"\n","level":"info"}
{"message":"::1 - - [02/Jun/2020:20:37:35 +0000] \"POST /user/auth/refresh HTTP/1.1\" 200 141 \"http://localhost:3001/login\" \"Mozilla/5.0 (Macintosh; Intel Mac OS X 10_15_4) AppleWebKit/537.36 (KHTML, like Gecko) Chrome/81.0.4044.138 Safari/537.36\"\n","level":"info"}
{"message":"::1 - - [02/Jun/2020:20:38:41 +0000] \"POST /user/auth/refresh HTTP/1.1\" 200 141 \"http://localhost:3001/login\" \"Mozilla/5.0 (Macintosh; Intel Mac OS X 10_15_4) AppleWebKit/537.36 (KHTML, like Gecko) Chrome/81.0.4044.138 Safari/537.36\"\n","level":"info"}
{"message":"::1 - - [02/Jun/2020:20:41:52 +0000] \"POST /user/auth/refresh HTTP/1.1\" 200 141 \"http://localhost:3001/login\" \"Mozilla/5.0 (Macintosh; Intel Mac OS X 10_15_4) AppleWebKit/537.36 (KHTML, like Gecko) Chrome/81.0.4044.138 Safari/537.36\"\n","level":"info"}
